c:\users\tetcos-pc\desktop\leach_hetero_workspace\src\simulation\dsr\x64\debug\vc142.pdb
c:\users\tetcos-pc\desktop\leach_hetero_workspace\src\simulation\dsr\x64\debug\vc142.idb
c:\users\tetcos-pc\desktop\leach_hetero_workspace\src\simulation\dsr\x64\debug\sourceroute.obj
c:\users\tetcos-pc\desktop\leach_hetero_workspace\src\simulation\dsr\x64\debug\sendbuffer.obj
c:\users\tetcos-pc\desktop\leach_hetero_workspace\src\simulation\dsr\x64\debug\routerequest.obj
c:\users\tetcos-pc\desktop\leach_hetero_workspace\src\simulation\dsr\x64\debug\routereply.obj
c:\users\tetcos-pc\desktop\leach_hetero_workspace\src\simulation\dsr\x64\debug\routeerror.obj
c:\users\tetcos-pc\desktop\leach_hetero_workspace\src\simulation\dsr\x64\debug\routecache.obj
c:\users\tetcos-pc\desktop\leach_hetero_workspace\src\simulation\dsr\x64\debug\leach_heterogeneous.obj
c:\users\tetcos-pc\desktop\leach_hetero_workspace\src\simulation\dsr\x64\debug\packetprocessing.obj
c:\users\tetcos-pc\desktop\leach_hetero_workspace\src\simulation\dsr\x64\debug\network_layer_ack.obj
c:\users\tetcos-pc\desktop\leach_hetero_workspace\src\simulation\dsr\x64\debug\matlab_interface.obj
c:\users\tetcos-pc\desktop\leach_hetero_workspace\src\simulation\dsr\x64\debug\maintbuffer.obj
c:\users\tetcos-pc\desktop\leach_hetero_workspace\src\simulation\dsr\x64\debug\dsr.obj
c:\users\tetcos-pc\desktop\leach_hetero_workspace\src\simulation\dsr\x64\debug\checkroutefound.obj
c:\users\tetcos-pc\desktop\leach_hetero_workspace\src\simulation\dsr\x64\debug\dsr.tlog\cl.command.1.tlog
c:\users\tetcos-pc\desktop\leach_hetero_workspace\src\simulation\dsr\x64\debug\dsr.tlog\cl.read.1.tlog
c:\users\tetcos-pc\desktop\leach_hetero_workspace\src\simulation\dsr\x64\debug\dsr.tlog\cl.write.1.tlog
c:\users\tetcos-pc\desktop\leach_hetero_workspace\src\simulation\dsr\x64\debug\dsr.tlog\link.command.1.tlog
c:\users\tetcos-pc\desktop\leach_hetero_workspace\src\simulation\dsr\x64\debug\dsr.tlog\link.read.1.tlog
